<!DOCTYPE html>
    <html>
    <head>
      <meta charset="UTF-8">
      <title>ğŸ§ª Fattal QA Automation Dashboard</title>
      <style>
        body {
          font-family: 'Segoe UI', Tahoma, Geneva, Verdana, sans-serif;
          background-color: #f9f9f9;
          margin: 20px;
          color: #333;
        }
        .dashboard-header {
          display: flex;
          align-items: center;
          justify-content: space-between;
          margin-bottom: 10px;
          gap: 24px;
        }
        .dashboard-header h1 {
          margin: 0;
          font-size: 1.8em;
          display: flex;
          align-items: center;
          white-space: nowrap;
        }
        .dashboard-header h1::before {
          content: 'ğŸ§ª';
          margin-right: 10px;
        }
        .header-logo {
          height: 60px;
          max-width: 200px;
          object-fit: contain;
          border-radius: 8px;
          background: #fff;
          padding: 6px 12px;
          box-shadow: 0 2px 8px rgba(0,0,0,0.04);
        }
        @media (max-width: 700px) {
          .dashboard-header {
            flex-direction: column;
            align-items: flex-start;
            gap: 8px;
          }
          .header-logo {
            margin-left: 0;
            margin-top: 6px;
            height: 44px;
            max-width: 150px;
          }
        }
        select {
          font-size: 14px;
          padding: 5px;
          margin-left: 10px;
        }
        .test-entry {
          background: #fff;
          border-radius: 6px;
          padding: 15px;
          margin-bottom: 20px;
          box-shadow: 0 1px 4px rgba(0,0,0,0.1);
          transition: background 0.3s ease;
        }
        .test-entry:hover {
          background: #f0f8ff;
        }
        .screenshot-grid {
          display: flex;
          gap: 12px;
          margin-top: 10px;
          flex-wrap: wrap;
        }
        .screenshot-grid img {
          border-radius: 4px;
          border: 1px solid #ccc;
        }
        .modal {
          display: none;
          position: fixed;
          z-index: 999;
          left: 0; top: 0; width: 100%; height: 100%;
          background-color: rgba(0,0,0,0.85);
        }
        .modal-content {
          margin: 5% auto;
          display: block;
          max-width: 90vw;
          max-height: 80vh;
        }
        .close {
          position: absolute;
          top: 15px;
          right: 35px;
          color: #fff;
          font-size: 40px;
          font-weight: bold;
          cursor: pointer;
        }
      </style>
      
        <script>
        const runData = {
"run_2025-08-30_20-53-22": [{"name": "test_mobile_booking_anonymous_user", "description": "×‘×“×™×§×ª ×”×©×œ××ª ×”×–×× ×” ××©×ª××© ×× ×•× ×™××™", "status": "FAILED", "timestamp": "2025-08-30 20:54:04", "duration": "39.31s", "browser": "Chrome", "os": "windows", "full_name": "", "email": "", "order_number": "", "id_number": "", "confirmation_screenshot": "", "error_screenshot": "", "room_selection": "", "payment_stage": "", "log": "C:\\Users\\Chen Ettedgui\\PycharmProjects\\FattalAUTO\\Fattal_Tests\\logs_mobile\\test_mobile_booking_anonymous_user_2025-08-30_20-54-04.log", "error": "Traceback (most recent call last):\n  File \"C:\\Users\\Chen Ettedgui\\PycharmProjects\\FattalAUTO\\Fattal_Tests\\test_mobile_fattal.py\", line 1332, in test_mobile_booking_anonymous_user\n    self.mobile_search_page.click_show_prices_button()\n    ~~~~~~~~~~~~~~~~~~~~~~~~~~~~~~~~~~~~~~~~~~~~~~~~^^\n  File \"C:\\Users\\Chen Ettedgui\\PycharmProjects\\FattalAUTO\\Mobile_Fattal_Pages\\Mobile_Fattal_Search_Result_Page.py\", line 64, in click_show_prices_button\n    WebDriverWait(self.driver, 20).until(\n    ~~~~~~~~~~~~~~~~~~~~~~~~~~~~~~~~~~~~^\n        EC.presence_of_all_elements_located((\n        ^^^^^^^^^^^^^^^^^^^^^^^^^^^^^^^^^^^^^\n    ...<2 lines>...\n        ))\n        ^^\n    )\n    ^\n  File \"C:\\Users\\Chen Ettedgui\\PycharmProjects\\FattalAUTO\\.venv\\Lib\\site-packages\\selenium\\webdriver\\support\\wait.py\", line 146, in until\n    raise TimeoutException(message, screen, stacktrace)\nselenium.common.exceptions.TimeoutException: Message: \n\n", "test_type": "mobile"}],
"run_2025-08-30_20-35-42": [{"name": "test_mobile_booking_club_member_eilat_with_flight", "description": "×‘×“×™×§×ª ×”×©×œ××ª ×”×–×× ×” ××©×ª××© ××—×•×‘×¨ ×¢× ××•×¢×“×•×Ÿ ×¤×¢×™×œ + ×˜×™×¡×•×ª", "status": "FAILED", "timestamp": "2025-08-30 20:37:36", "duration": "111.12s", "browser": "Chrome", "os": "windows", "full_name": "Club User", "email": "restestfattal@gmail.com", "order_number": "", "id_number": "999318330", "confirmation_screenshot": "", "error_screenshot": "", "room_selection": "", "payment_stage": "", "log": "C:\\Users\\Chen Ettedgui\\PycharmProjects\\FattalAUTO\\Fattal_Tests\\logs_mobile\\test_mobile_booking_club_member_eilat_with_flight_2025-08-30_20-37-36.log", "error": "Traceback (most recent call last):\n  File \"C:\\Users\\Chen Ettedgui\\PycharmProjects\\FattalAUTO\\Fattal_Tests\\test_mobile_fattal.py\", line 1460, in test_mobile_booking_club_member_eilat_with_flight\n    self.mobile_search_page.handle_search_flow_with_fallback(self)\n    ~~~~~~~~~~~~~~~~~~~~~~~~~~~~~~~~~~~~~~~~~~~~~~~~~~~~~~~~^^^^^^\n  File \"C:\\Users\\Chen Ettedgui\\PycharmProjects\\FattalAUTO\\Mobile_Fattal_Pages\\Mobile_Fattal_Search_Result_Page.py\", line 404, in handle_search_flow_with_fallback\n    self.click_book_room_button()\n    ~~~~~~~~~~~~~~~~~~~~~~~~~~~^^\n  File \"C:\\Users\\Chen Ettedgui\\PycharmProjects\\FattalAUTO\\Mobile_Fattal_Pages\\Mobile_Fattal_Search_Result_Page.py\", line 157, in click_book_room_button\n    button_by_text = WebDriverWait(self.driver, 10).until(\n        EC.element_to_be_clickable((By.XPATH, \"//button[normalize-space()='×œ×”×–×× ×ª ×—×“×¨']\"))\n    )\n  File \"C:\\Users\\Chen Ettedgui\\PycharmProjects\\FattalAUTO\\.venv\\Lib\\site-packages\\selenium\\webdriver\\support\\wait.py\", line 146, in until\n    raise TimeoutException(message, screen, stacktrace)\nselenium.common.exceptions.TimeoutException: Message: \nStacktrace:\n\tGetHandleVerifier [0x0x7ff613fd3d85+79397]\n\tGetHandleVerifier [0x0x7ff613fd3de0+79488]\n\t(No symbol) [0x0x7ff613d7c0fa]\n\t(No symbol) [0x0x7ff613dd2fd6]\n\t(No symbol) [0x0x7ff613dd328c]\n\t(No symbol) [0x0x7ff613e26537]\n\t(No symbol) [0x0x7ff613dfb1df]\n\t(No symbol) [0x0x7ff613e23344]\n\t(No symbol) [0x0x7ff613dfaf73]\n\t(No symbol) [0x0x7ff613dc41b1]\n\t(No symbol) [0x0x7ff613dc4f43]\n\tGetHandleVerifier [0x0x7ff61429e1ed+3005069]\n\tGetHandleVerifier [0x0x7ff61429831d+2980797]\n\tGetHandleVerifier [0x0x7ff6142b7e0d+3110573]\n\tGetHandleVerifier [0x0x7ff613fed6de+184190]\n\tGetHandleVerifier [0x0x7ff613ff516f+215567]\n\tGetHandleVerifier [0x0x7ff613fdc974+115220]\n\tGetHandleVerifier [0x0x7ff613fdcb29+115657]\n\tGetHandleVerifier [0x0x7ff613fc3268+11016]\n\tBaseThreadInitThunk [0x0x7ffb53cbe8d7+23]\n\tRtlUserThreadStart [0x0x7ffb551fc34c+44]\n\n", "test_type": "mobile"}],
"run_2025-08-30_20-33-39": [{"name": "test_mobile_booking_club_member_eilat_with_flight", "description": "×‘×“×™×§×ª ×”×©×œ××ª ×”×–×× ×” ××©×ª××© ××—×•×‘×¨ ×¢× ××•×¢×“×•×Ÿ ×¤×¢×™×œ + ×˜×™×¡×•×ª", "status": "FAILED", "timestamp": "2025-08-30 20:35:33", "duration": "112.50s", "browser": "Chrome", "os": "windows", "full_name": "Club User", "email": "restestfattal@gmail.com", "order_number": "", "id_number": "999318330", "confirmation_screenshot": "", "error_screenshot": "", "room_selection": "", "payment_stage": "", "log": "C:\\Users\\Chen Ettedgui\\PycharmProjects\\FattalAUTO\\Fattal_Tests\\logs_mobile\\test_mobile_booking_club_member_eilat_with_flight_2025-08-30_20-35-33.log", "error": "Traceback (most recent call last):\n  File \"C:\\Users\\Chen Ettedgui\\PycharmProjects\\FattalAUTO\\Fattal_Tests\\test_mobile_fattal.py\", line 1460, in test_mobile_booking_club_member_eilat_with_flight\n    self.mobile_search_page.handle_search_flow_with_fallback(self)\n    ~~~~~~~~~~~~~~~~~~~~~~~~~~~~~~~~~~~~~~~~~~~~~~~~~~~~~~~~^^^^^^\n  File \"C:\\Users\\Chen Ettedgui\\PycharmProjects\\FattalAUTO\\Mobile_Fattal_Pages\\Mobile_Fattal_Search_Result_Page.py\", line 404, in handle_search_flow_with_fallback\n    self.click_book_room_button()\n    ~~~~~~~~~~~~~~~~~~~~~~~~~~~^^\n  File \"C:\\Users\\Chen Ettedgui\\PycharmProjects\\FattalAUTO\\Mobile_Fattal_Pages\\Mobile_Fattal_Search_Result_Page.py\", line 157, in click_book_room_button\n    button_by_text = WebDriverWait(self.driver, 10).until(\n        EC.element_to_be_clickable((By.XPATH, \"//button[normalize-space()='×œ×”×–×× ×ª ×—×“×¨']\"))\n    )\n  File \"C:\\Users\\Chen Ettedgui\\PycharmProjects\\FattalAUTO\\.venv\\Lib\\site-packages\\selenium\\webdriver\\support\\wait.py\", line 146, in until\n    raise TimeoutException(message, screen, stacktrace)\nselenium.common.exceptions.TimeoutException: Message: \nStacktrace:\n\tGetHandleVerifier [0x0x7ff613fd3d85+79397]\n\tGetHandleVerifier [0x0x7ff613fd3de0+79488]\n\t(No symbol) [0x0x7ff613d7c0fa]\n\t(No symbol) [0x0x7ff613dd2fd6]\n\t(No symbol) [0x0x7ff613dd328c]\n\t(No symbol) [0x0x7ff613e26537]\n\t(No symbol) [0x0x7ff613dfb1df]\n\t(No symbol) [0x0x7ff613e23344]\n\t(No symbol) [0x0x7ff613dfaf73]\n\t(No symbol) [0x0x7ff613dc41b1]\n\t(No symbol) [0x0x7ff613dc4f43]\n\tGetHandleVerifier [0x0x7ff61429e1ed+3005069]\n\tGetHandleVerifier [0x0x7ff61429831d+2980797]\n\tGetHandleVerifier [0x0x7ff6142b7e0d+3110573]\n\tGetHandleVerifier [0x0x7ff613fed6de+184190]\n\tGetHandleVerifier [0x0x7ff613ff516f+215567]\n\tGetHandleVerifier [0x0x7ff613fdc974+115220]\n\tGetHandleVerifier [0x0x7ff613fdcb29+115657]\n\tGetHandleVerifier [0x0x7ff613fc3268+11016]\n\tBaseThreadInitThunk [0x0x7ffb53cbe8d7+23]\n\tRtlUserThreadStart [0x0x7ffb551fc34c+44]\n\n", "test_type": "mobile"}],
"run_2025-08-30_20-31-59": [{"name": "test_mobile_booking_club_member_eilat_with_flight", "description": "×‘×“×™×§×ª ×”×©×œ××ª ×”×–×× ×” ××©×ª××© ××—×•×‘×¨ ×¢× ××•×¢×“×•×Ÿ ×¤×¢×™×œ + ×˜×™×¡×•×ª", "status": "FAILED", "timestamp": "2025-08-30 20:32:40", "duration": "38.42s", "browser": "Chrome", "os": "windows", "full_name": "Club User", "email": "restestfattal@gmail.com", "order_number": "", "id_number": "999318330", "confirmation_screenshot": "", "error_screenshot": "", "room_selection": "", "payment_stage": "", "log": "C:\\Users\\Chen Ettedgui\\PycharmProjects\\FattalAUTO\\Fattal_Tests\\logs_mobile\\test_mobile_booking_club_member_eilat_with_flight_2025-08-30_20-32-40.log", "error": "Traceback (most recent call last):\n  File \"C:\\Users\\Chen Ettedgui\\PycharmProjects\\FattalAUTO\\Fattal_Tests\\test_mobile_fattal.py\", line 1448, in test_mobile_booking_club_member_eilat_with_flight\n    self.mobile_main_page.select_date_range_two_months_ahead_eilat(stay_length=5)\n    ^^^^^^^^^^^^^^^^^^^^^^^^^^^^^^^^^^^^^^^^^^^^^^^^^^^^^^^^^^^^^^\nAttributeError: 'FattalMainPageMobile' object has no attribute 'select_date_range_two_months_ahead_eilat'. Did you mean: 'select_date_range_months_ahead'?\n", "test_type": "mobile"}],
"run_2025-08-30_20-28-54": [{"name": "test_mobile_booking_anonymous_user", "description": "×‘×“×™×§×ª ×”×©×œ××ª ×”×–×× ×” ××©×ª××© ×× ×•× ×™××™", "status": "PASSED", "timestamp": "2025-08-30 20:30:11", "duration": "74.79s", "browser": "Chrome", "os": "windows", "full_name": "×—×Ÿ ×˜×¡×˜", "email": "restestfattal@gmail.com", "order_number": "980025886", "id_number": "329533012", "confirmation_screenshot": "C:\\Users\\Chen Ettedgui\\PycharmProjects\\FattalAUTO\\Fattal_Tests\\Screenshots\\confirmation_success_2025-08-30_20-30-10.png", "error_screenshot": "", "room_selection": "C:\\Users\\Chen Ettedgui\\PycharmProjects\\FattalAUTO\\Fattal_Tests\\Screenshots\\room_selection_2025-08-30_20-29-36.png", "payment_stage": "C:\\Users\\Chen Ettedgui\\PycharmProjects\\FattalAUTO\\Fattal_Tests\\Screenshots\\payment_stage_2025-08-30_20-29-38.png", "log": "C:\\Users\\Chen Ettedgui\\PycharmProjects\\FattalAUTO\\Fattal_Tests\\logs_mobile\\test_mobile_booking_anonymous_user_2025-08-30_20-30-11.log", "error": "", "test_type": "mobile"}],
"run_2025-08-30_20-23-50": [{"name": "test_mobile_booking_anonymous_region_eilat", "description": "×‘×“×™×§×ª ×”×©×œ××ª ×”×–×× ×” ××©×ª××© ×× ×•× ×™××™ ×“×¨×š ××–×•×¨ ××œ×•× ×•×ª ××™×œ×ª", "status": "PASSED", "timestamp": "2025-08-30 20:26:03", "duration": "130.11s", "browser": "Chrome", "os": "windows", "full_name": "×—×Ÿ ×˜×¡×˜", "email": "restestfattal@gmail.com", "order_number": "980052162", "id_number": "788494219", "confirmation_screenshot": "C:\\Users\\Chen Ettedgui\\PycharmProjects\\FattalAUTO\\Fattal_Tests\\Screenshots\\confirmation_success_2025-08-30_20-26-02.png", "error_screenshot": "", "room_selection": "C:\\Users\\Chen Ettedgui\\PycharmProjects\\FattalAUTO\\Fattal_Tests\\Screenshots\\room_selection_2025-08-30_20-25-23.png", "payment_stage": "C:\\Users\\Chen Ettedgui\\PycharmProjects\\FattalAUTO\\Fattal_Tests\\Screenshots\\payment_stage_2025-08-30_20-25-28.png", "log": "C:\\Users\\Chen Ettedgui\\PycharmProjects\\FattalAUTO\\Fattal_Tests\\logs_mobile\\test_mobile_booking_anonymous_region_eilat_2025-08-30_20-26-03.log", "error": "", "test_type": "mobile"}],
"run_2025-08-30_20-22-28": [{"name": "test_mobile_booking_anonymous_region_eilat", "description": "×‘×“×™×§×ª ×”×©×œ××ª ×”×–×× ×” ××©×ª××© ×× ×•× ×™××™ ×“×¨×š ××–×•×¨ ××œ×•× ×•×ª ××™×œ×ª", "status": "FAILED", "timestamp": "2025-08-30 20:22:55", "duration": "25.26s", "browser": "Chrome", "os": "windows", "full_name": "", "email": "", "order_number": "", "id_number": "", "confirmation_screenshot": "", "error_screenshot": "", "room_selection": "", "payment_stage": "", "log": "C:\\Users\\Chen Ettedgui\\PycharmProjects\\FattalAUTO\\Fattal_Tests\\logs_mobile\\test_mobile_booking_anonymous_region_eilat_2025-08-30_20-22-55.log", "error": "Traceback (most recent call last):\n  File \"C:\\Users\\Chen Ettedgui\\PycharmProjects\\FattalAUTO\\Fattal_Tests\\test_mobile_fattal.py\", line 1505, in test_mobile_booking_anonymous_region_eilat\n    self.mobile_main_page.select_date_range_november_eilat(stay_length=5)\n    ~~~~~~~~~~~~~~~~~~~~~~~~~~~~~~~~~~~~~~~~~~~~~~~~~~~~~~^^^^^^^^^^^^^^^\n  File \"C:\\Users\\Chen Ettedgui\\PycharmProjects\\FattalAUTO\\Mobile_Fattal_Pages\\Mobile_Fattal_Main_Page.py\", line 207, in select_date_range_november_eilat\n    raise Exception(\"November not found in calendar!\")\nException: November not found in calendar!\n", "test_type": "mobile"}],
"run_2025-08-30_20-21-30": [{"name": "test_mobile_booking_anonymous_region_eilat", "description": "×‘×“×™×§×ª ×”×©×œ××ª ×”×–×× ×” ××©×ª××© ×× ×•× ×™××™ ×“×¨×š ××–×•×¨ ××œ×•× ×•×ª ××™×œ×ª", "status": "FAILED", "timestamp": "2025-08-30 20:21:56", "duration": "23.62s", "browser": "Chrome", "os": "windows", "full_name": "", "email": "", "order_number": "", "id_number": "", "confirmation_screenshot": "", "error_screenshot": "", "room_selection": "", "payment_stage": "", "log": "C:\\Users\\Chen Ettedgui\\PycharmProjects\\FattalAUTO\\Fattal_Tests\\logs_mobile\\test_mobile_booking_anonymous_region_eilat_2025-08-30_20-21-56.log", "error": "Traceback (most recent call last):\n  File \"C:\\Users\\Chen Ettedgui\\PycharmProjects\\FattalAUTO\\Fattal_Tests\\test_mobile_fattal.py\", line 1505, in test_mobile_booking_anonymous_region_eilat\n    self.mobile_main_page.select_date_range_november_eilat(self, stay_length=5)\n    ~~~~~~~~~~~~~~~~~~~~~~~~~~~~~~~~~~~~~~~~~~~~~~~~~~~~~~^^^^^^^^^^^^^^^^^^^^^\nTypeError: FattalMainPageMobile.select_date_range_november_eilat() got multiple values for argument 'stay_length'\n", "test_type": "mobile"}],
"run_2025-08-30_20-17-17": [{"name": "test_mobile_booking_anonymous_region_eilat", "description": "×‘×“×™×§×ª ×”×©×œ××ª ×”×–×× ×” ××©×ª××© ×× ×•× ×™××™ ×“×¨×š ××–×•×¨ ××œ×•× ×•×ª ××™×œ×ª", "status": "PASSED", "timestamp": "2025-08-30 20:19:30", "duration": "130.98s", "browser": "Chrome", "os": "windows", "full_name": "×—×Ÿ ×˜×¡×˜", "email": "restestfattal@gmail.com", "order_number": "980052161", "id_number": "798607867", "confirmation_screenshot": "C:\\Users\\Chen Ettedgui\\PycharmProjects\\FattalAUTO\\Fattal_Tests\\Screenshots\\confirmation_success_2025-08-30_20-19-29.png", "error_screenshot": "", "room_selection": "C:\\Users\\Chen Ettedgui\\PycharmProjects\\FattalAUTO\\Fattal_Tests\\Screenshots\\room_selection_2025-08-30_20-18-51.png", "payment_stage": "C:\\Users\\Chen Ettedgui\\PycharmProjects\\FattalAUTO\\Fattal_Tests\\Screenshots\\payment_stage_2025-08-30_20-18-55.png", "log": "C:\\Users\\Chen Ettedgui\\PycharmProjects\\FattalAUTO\\Fattal_Tests\\logs_mobile\\test_mobile_booking_anonymous_region_eilat_2025-08-30_20-19-30.log", "error": "", "test_type": "mobile"}],
"run_2025-08-30_20-15-10": [{"name": "test_mobile_booking_anonymous_region_eilat", "description": "×‘×“×™×§×ª ×”×©×œ××ª ×”×–×× ×” ××©×ª××© ×× ×•× ×™××™ ×“×¨×š ××–×•×¨ ××œ×•× ×•×ª ××™×œ×ª", "status": "FAILED", "timestamp": "2025-08-30 20:15:38", "duration": "26.14s", "browser": "Chrome", "os": "windows", "full_name": "", "email": "", "order_number": "", "id_number": "", "confirmation_screenshot": "", "error_screenshot": "", "room_selection": "", "payment_stage": "", "log": "C:\\Users\\Chen Ettedgui\\PycharmProjects\\FattalAUTO\\Fattal_Tests\\logs_mobile\\test_mobile_booking_anonymous_region_eilat_2025-08-30_20-15-38.log", "error": "Traceback (most recent call last):\n  File \"C:\\Users\\Chen Ettedgui\\PycharmProjects\\FattalAUTO\\Fattal_Tests\\test_mobile_fattal.py\", line 1505, in test_mobile_booking_anonymous_region_eilat\n    self.mobile_main_page.select_date_range_two_months_ahead_eilat(stay_length=5)\n    ~~~~~~~~~~~~~~~~~~~~~~~~~~~~~~~~~~~~~~~~~~~~~~~~~~~~~~~~~~~~~~^^^^^^^^^^^^^^^\n  File \"C:\\Users\\Chen Ettedgui\\PycharmProjects\\FattalAUTO\\Mobile_Fattal_Pages\\Mobile_Fattal_Main_Page.py\", line 228, in select_date_range_two_months_ahead_eilat\n    actions.move_to_element(checkout).pause(0.5).click().perform()\n    ~~~~~~~~~~~~~~~~~~~~~~~~~~~~~~~~~~~~~~~~~~~~~~~~~~~~~~~~~~~~^^\n  File \"C:\\Users\\Chen Ettedgui\\PycharmProjects\\FattalAUTO\\.venv\\Lib\\site-packages\\selenium\\webdriver\\common\\action_chains.py\", line 94, in perform\n    self.w3c_actions.perform()\n    ~~~~~~~~~~~~~~~~~~~~~~~~^^\n  File \"C:\\Users\\Chen Ettedgui\\PycharmProjects\\FattalAUTO\\.venv\\Lib\\site-packages\\selenium\\webdriver\\common\\actions\\action_builder.py\", line 170, in perform\n    self.driver.execute(Command.W3C_ACTIONS, enc)\n    ~~~~~~~~~~~~~~~~~~~^^^^^^^^^^^^^^^^^^^^^^^^^^\n  File \"C:\\Users\\Chen Ettedgui\\PycharmProjects\\FattalAUTO\\.venv\\Lib\\site-packages\\selenium\\webdriver\\remote\\webdriver.py\", line 429, in execute\n    self.error_handler.check_response(response)\n    ~~~~~~~~~~~~~~~~~~~~~~~~~~~~~~~~~^^^^^^^^^^\n  File \"C:\\Users\\Chen Ettedgui\\PycharmProjects\\FattalAUTO\\.venv\\Lib\\site-packages\\selenium\\webdriver\\remote\\errorhandler.py\", line 232, in check_response\n    raise exception_class(message, screen, stacktrace)\nselenium.common.exceptions.ElementNotInteractableException: Message: element not interactable: [object HTMLDivElement] has no size and location\n  (Session info: chrome=139.0.7258.139)\nStacktrace:\n\tGetHandleVerifier [0x0x7ff613fd3d85+79397]\n\tGetHandleVerifier [0x0x7ff613fd3de0+79488]\n\t(No symbol) [0x0x7ff613d7c0fa]\n\t(No symbol) [0x0x7ff613d83a99]\n\t(No symbol) [0x0x7ff613d86b3c]\n\t(No symbol) [0x0x7ff613d86c0f]\n\t(No symbol) [0x0x7ff613dda394]\n\t(No symbol) [0x0x7ff613dd95cb]\n\t(No symbol) [0x0x7ff613e2e8e9]\n\t(No symbol) [0x0x7ff613dfb19a]\n\t(No symbol) [0x0x7ff613e23344]\n\t(No symbol) [0x0x7ff613dfaf73]\n\t(No symbol) [0x0x7ff613dc41b1]\n\t(No symbol) [0x0x7ff613dc4f43]\n\tGetHandleVerifier [0x0x7ff61429e1ed+3005069]\n\tGetHandleVerifier [0x0x7ff61429831d+2980797]\n\tGetHandleVerifier [0x0x7ff6142b7e0d+3110573]\n\tGetHandleVerifier [0x0x7ff613fed6de+184190]\n\tGetHandleVerifier [0x0x7ff613ff516f+215567]\n\tGetHandleVerifier [0x0x7ff613fdc974+115220]\n\tGetHandleVerifier [0x0x7ff613fdcb29+115657]\n\tGetHandleVerifier [0x0x7ff613fc3268+11016]\n\tBaseThreadInitThunk [0x0x7ffb53cbe8d7+23]\n\tRtlUserThreadStart [0x0x7ffb551fc34c+44]\n\n", "test_type": "mobile"}],
"run_2025-08-30_20-10-07": [{"name": "test_mobile_booking_anonymous_join_fattal_and_friends", "description": "×‘×“×™×§×ª ×”×©×œ××ª ×”×–×× ×” ××©×ª××© ×× ×•× ×™××™ + ×”×¦×˜×¤×¨×•×ª ×œ××•×¢×“×•×Ÿ", "status": "PASSED", "timestamp": "2025-08-30 20:12:07", "duration": "117.99s", "browser": "Chrome", "os": "windows", "full_name": "×—×Ÿ ×˜×¡×˜", "email": "restestfattal@gmail.com", "order_number": "", "id_number": "619746035", "confirmation_screenshot": "C:\\Users\\Chen Ettedgui\\PycharmProjects\\FattalAUTO\\Fattal_Tests\\Screenshots\\confirmation_success_2025-08-30_20-12-03.png", "error_screenshot": "", "room_selection": "C:\\Users\\Chen Ettedgui\\PycharmProjects\\FattalAUTO\\Fattal_Tests\\Screenshots\\room_selection_2025-08-30_20-10-50.png", "payment_stage": "C:\\Users\\Chen Ettedgui\\PycharmProjects\\FattalAUTO\\Fattal_Tests\\Screenshots\\payment_stage_2025-08-30_20-11-21.png", "log": "C:\\Users\\Chen Ettedgui\\PycharmProjects\\FattalAUTO\\Fattal_Tests\\logs_mobile\\test_mobile_booking_anonymous_join_fattal_and_friends_2025-08-30_20-12-07.log", "error": "", "test_type": "mobile"}],
"run_2025-08-30_20-07-08": [{"name": "test_mobile_booking_anonymous_join_fattal_and_friends", "description": "×‘×“×™×§×ª ×”×©×œ××ª ×”×–×× ×” ××©×ª××© ×× ×•× ×™××™ + ×”×¦×˜×¤×¨×•×ª ×œ××•×¢×“×•×Ÿ", "status": "FAILED", "timestamp": "2025-08-30 20:07:34", "duration": "23.79s", "browser": "Chrome", "os": "windows", "full_name": "", "email": "", "order_number": "", "id_number": "", "confirmation_screenshot": "", "error_screenshot": "", "room_selection": "", "payment_stage": "", "log": "C:\\Users\\Chen Ettedgui\\PycharmProjects\\FattalAUTO\\Fattal_Tests\\logs_mobile\\test_mobile_booking_anonymous_join_fattal_and_friends_2025-08-30_20-07-34.log", "error": "Traceback (most recent call last):\n  File \"C:\\Users\\Chen Ettedgui\\PycharmProjects\\FattalAUTO\\Fattal_Tests\\test_mobile_fattal.py\", line 1370, in test_mobile_booking_anonymous_join_fattal_and_friends\n    self.mobile_main_page.select_date_range_two_months_ahead()\n    ^^^^^^^^^^^^^^^^^^^^^^^^^^^^^^^^^^^^^^^^^^^^^^^^^^^^^^^^\nAttributeError: 'FattalMainPageMobile' object has no attribute 'select_date_range_two_months_ahead'. Did you mean: 'select_date_range_months_ahead'?\n", "test_type": "mobile"}],
"run_2025-08-30_20-04-58": [{"name": "test_mobile_booking_anonymous_join_fattal_and_friends", "description": "×‘×“×™×§×ª ×”×©×œ××ª ×”×–×× ×” ××©×ª××© ×× ×•× ×™××™ + ×”×¦×˜×¤×¨×•×ª ×œ××•×¢×“×•×Ÿ", "status": "FAILED", "timestamp": "2025-08-30 20:05:58", "duration": "56.94s", "browser": "Chrome", "os": "windows", "full_name": "", "email": "", "order_number": "", "id_number": "", "confirmation_screenshot": "", "error_screenshot": "", "room_selection": "", "payment_stage": "", "log": "C:\\Users\\Chen Ettedgui\\PycharmProjects\\FattalAUTO\\Fattal_Tests\\logs_mobile\\test_mobile_booking_anonymous_join_fattal_and_friends_2025-08-30_20-05-58.log", "error": "Traceback (most recent call last):\n  File \"C:\\Users\\Chen Ettedgui\\PycharmProjects\\FattalAUTO\\Fattal_Tests\\test_mobile_fattal.py\", line 1381, in test_mobile_booking_anonymous_join_fattal_and_friends\n    self.mobile_search_page.click_show_prices_button()\n    ~~~~~~~~~~~~~~~~~~~~~~~~~~~~~~~~~~~~~~~~~~~~~~~~^^\n  File \"C:\\Users\\Chen Ettedgui\\PycharmProjects\\FattalAUTO\\Mobile_Fattal_Pages\\Mobile_Fattal_Search_Result_Page.py\", line 64, in click_show_prices_button\n    WebDriverWait(self.driver, 20).until(\n    ~~~~~~~~~~~~~~~~~~~~~~~~~~~~~~~~~~~~^\n        EC.presence_of_all_elements_located((\n        ^^^^^^^^^^^^^^^^^^^^^^^^^^^^^^^^^^^^^\n    ...<2 lines>...\n        ))\n        ^^\n    )\n    ^\n  File \"C:\\Users\\Chen Ettedgui\\PycharmProjects\\FattalAUTO\\.venv\\Lib\\site-packages\\selenium\\webdriver\\support\\wait.py\", line 146, in until\n    raise TimeoutException(message, screen, stacktrace)\nselenium.common.exceptions.TimeoutException: Message: \n\n", "test_type": "mobile"}],
"run_2025-08-30_19-59-26": [{"name": "test_mobile_booking_anonymous_join_fattal_and_friends", "description": "×‘×“×™×§×ª ×”×©×œ××ª ×”×–×× ×” ××©×ª××© ×× ×•× ×™××™ + ×”×¦×˜×¤×¨×•×ª ×œ××•×¢×“×•×Ÿ", "status": "FAILED", "timestamp": "2025-08-30 20:00:03", "duration": "34.23s", "browser": "Chrome", "os": "windows", "full_name": "", "email": "", "order_number": "", "id_number": "", "confirmation_screenshot": "", "error_screenshot": "", "room_selection": "", "payment_stage": "", "log": "C:\\Users\\Chen Ettedgui\\PycharmProjects\\FattalAUTO\\Fattal_Tests\\logs_mobile\\test_mobile_booking_anonymous_join_fattal_and_friends_2025-08-30_20-00-03.log", "error": "Traceback (most recent call last):\n  File \"C:\\Users\\Chen Ettedgui\\PycharmProjects\\FattalAUTO\\Fattal_Tests\\test_mobile_fattal.py\", line 1370, in test_mobile_booking_anonymous_join_fattal_and_friends\n    self.mobile_main_page.select_date_range_two_months_ahead()\n    ~~~~~~~~~~~~~~~~~~~~~~~~~~~~~~~~~~~~~~~~~~~~~~~~~~~~~~~~^^\n  File \"C:\\Users\\Chen Ettedgui\\PycharmProjects\\FattalAUTO\\Mobile_Fattal_Pages\\Mobile_Fattal_Main_Page.py\", line 138, in select_date_range_two_months_ahead\n    label_elem = tile.find_element(By.TAG_NAME, \"abbr\")\n  File \"C:\\Users\\Chen Ettedgui\\PycharmProjects\\FattalAUTO\\.venv\\Lib\\site-packages\\selenium\\webdriver\\remote\\webelement.py\", line 601, in find_element\n    return self._execute(Command.FIND_CHILD_ELEMENT, {\"using\": by, \"value\": value})[\"value\"]\n           ~~~~~~~~~~~~~^^^^^^^^^^^^^^^^^^^^^^^^^^^^^^^^^^^^^^^^^^^^^^^^^^^^^^^^^^^\n  File \"C:\\Users\\Chen Ettedgui\\PycharmProjects\\FattalAUTO\\.venv\\Lib\\site-packages\\selenium\\webdriver\\remote\\webelement.py\", line 572, in _execute\n    return self._parent.execute(command, params)\n           ~~~~~~~~~~~~~~~~~~~~^^^^^^^^^^^^^^^^^\n  File \"C:\\Users\\Chen Ettedgui\\PycharmProjects\\FattalAUTO\\.venv\\Lib\\site-packages\\selenium\\webdriver\\remote\\webdriver.py\", line 429, in execute\n    self.error_handler.check_response(response)\n    ~~~~~~~~~~~~~~~~~~~~~~~~~~~~~~~~~^^^^^^^^^^\n  File \"C:\\Users\\Chen Ettedgui\\PycharmProjects\\FattalAUTO\\.venv\\Lib\\site-packages\\selenium\\webdriver\\remote\\errorhandler.py\", line 232, in check_response\n    raise exception_class(message, screen, stacktrace)\nselenium.common.exceptions.NoSuchElementException: Message: no such element: Unable to locate element: {\"method\":\"tag name\",\"selector\":\"abbr\"}\n  (Session info: chrome=139.0.7258.139); For documentation on this error, please visit: https://www.selenium.dev/documentation/webdriver/troubleshooting/errors#no-such-element-exception\nStacktrace:\n\tGetHandleVerifier [0x0x7ff613fd3d85+79397]\n\tGetHandleVerifier [0x0x7ff613fd3de0+79488]\n\t(No symbol) [0x0x7ff613d7c0fa]\n\t(No symbol) [0x0x7ff613dd2fd6]\n\t(No symbol) [0x0x7ff613dd328c]\n\t(No symbol) [0x0x7ff613dc5acc]\n\t(No symbol) [0x0x7ff613dfb1df]\n\t(No symbol) [0x0x7ff613dc5996]\n\t(No symbol) [0x0x7ff613dfb3b0]\n\t(No symbol) [0x0x7ff613e23344]\n\t(No symbol) [0x0x7ff613dfaf73]\n\t(No symbol) [0x0x7ff613dc41b1]\n\t(No symbol) [0x0x7ff613dc4f43]\n\tGetHandleVerifier [0x0x7ff61429e1ed+3005069]\n\tGetHandleVerifier [0x0x7ff61429831d+2980797]\n\tGetHandleVerifier [0x0x7ff6142b7e0d+3110573]\n\tGetHandleVerifier [0x0x7ff613fed6de+184190]\n\tGetHandleVerifier [0x0x7ff613ff516f+215567]\n\tGetHandleVerifier [0x0x7ff613fdc974+115220]\n\tGetHandleVerifier [0x0x7ff613fdcb29+115657]\n\tGetHandleVerifier [0x0x7ff613fc3268+11016]\n\tBaseThreadInitThunk [0x0x7ffb53cbe8d7+23]\n\tRtlUserThreadStart [0x0x7ffb551fc34c+44]\n\n", "test_type": "mobile"}],
"run_2025-08-30_19-55-33": [{"name": "test_mobile_booking_anonymous_join_fattal_and_friends", "description": "×‘×“×™×§×ª ×”×©×œ××ª ×”×–×× ×” ××©×ª××© ×× ×•× ×™××™ + ×”×¦×˜×¤×¨×•×ª ×œ××•×¢×“×•×Ÿ", "status": "FAILED", "timestamp": "2025-08-30 19:56:09", "duration": "33.86s", "browser": "Chrome", "os": "windows", "full_name": "", "email": "", "order_number": "", "id_number": "", "confirmation_screenshot": "", "error_screenshot": "", "room_selection": "", "payment_stage": "", "log": "C:\\Users\\Chen Ettedgui\\PycharmProjects\\FattalAUTO\\Fattal_Tests\\logs_mobile\\test_mobile_booking_anonymous_join_fattal_and_friends_2025-08-30_19-56-09.log", "error": "Traceback (most recent call last):\n  File \"C:\\Users\\Chen Ettedgui\\PycharmProjects\\FattalAUTO\\Fattal_Tests\\test_mobile_fattal.py\", line 1370, in test_mobile_booking_anonymous_join_fattal_and_friends\n    self.mobile_main_page.select_date_range_two_months_ahead()\n    ~~~~~~~~~~~~~~~~~~~~~~~~~~~~~~~~~~~~~~~~~~~~~~~~~~~~~~~~^^\n  File \"C:\\Users\\Chen Ettedgui\\PycharmProjects\\FattalAUTO\\Mobile_Fattal_Pages\\Mobile_Fattal_Main_Page.py\", line 133, in select_date_range_two_months_ahead\n    raise Exception(\"No active date tiles found in calendar\")\nException: No active date tiles found in calendar\n", "test_type": "mobile"}],
"run_2025-08-30_19-52-35": [{"name": "test_mobile_booking_anonymous_join_fattal_and_friends", "description": "×‘×“×™×§×ª ×”×©×œ××ª ×”×–×× ×” ××©×ª××© ×× ×•× ×™××™ + ×”×¦×˜×¤×¨×•×ª ×œ××•×¢×“×•×Ÿ", "status": "FAILED", "timestamp": "2025-08-30 19:53:11", "duration": "33.91s", "browser": "Chrome", "os": "windows", "full_name": "", "email": "", "order_number": "", "id_number": "", "confirmation_screenshot": "", "error_screenshot": "", "room_selection": "", "payment_stage": "", "log": "C:\\Users\\Chen Ettedgui\\PycharmProjects\\FattalAUTO\\Fattal_Tests\\logs_mobile\\test_mobile_booking_anonymous_join_fattal_and_friends_2025-08-30_19-53-11.log", "error": "Traceback (most recent call last):\n  File \"C:\\Users\\Chen Ettedgui\\PycharmProjects\\FattalAUTO\\Fattal_Tests\\test_mobile_fattal.py\", line 1370, in test_mobile_booking_anonymous_join_fattal_and_friends\n    self.mobile_main_page.select_date_range_two_months_ahead()\n    ~~~~~~~~~~~~~~~~~~~~~~~~~~~~~~~~~~~~~~~~~~~~~~~~~~~~~~~~^^\n  File \"C:\\Users\\Chen Ettedgui\\PycharmProjects\\FattalAUTO\\Mobile_Fattal_Pages\\Mobile_Fattal_Main_Page.py\", line 134, in select_date_range_two_months_ahead\n    raise Exception(\"No active date tiles found in calendar\")\nException: No active date tiles found in calendar\n", "test_type": "mobile"}],
"run_2025-08-30_19-51-39": [{"name": "test_mobile_booking_anonymous_join_fattal_and_friends", "description": "×‘×“×™×§×ª ×”×©×œ××ª ×”×–×× ×” ××©×ª××© ×× ×•× ×™××™ + ×”×¦×˜×¤×¨×•×ª ×œ××•×¢×“×•×Ÿ", "status": "FAILED", "timestamp": "2025-08-30 19:52:06", "duration": "24.16s", "browser": "Chrome", "os": "windows", "full_name": "", "email": "", "order_number": "", "id_number": "", "confirmation_screenshot": "", "error_screenshot": "", "room_selection": "", "payment_stage": "", "log": "C:\\Users\\Chen Ettedgui\\PycharmProjects\\FattalAUTO\\Fattal_Tests\\logs_mobile\\test_mobile_booking_anonymous_join_fattal_and_friends_2025-08-30_19-52-06.log", "error": "Traceback (most recent call last):\n  File \"C:\\Users\\Chen Ettedgui\\PycharmProjects\\FattalAUTO\\Fattal_Tests\\test_mobile_fattal.py\", line 1370, in test_mobile_booking_anonymous_join_fattal_and_friends\n    self.mobile_main_page.select_date_range_two_months_ahead()\n    ~~~~~~~~~~~~~~~~~~~~~~~~~~~~~~~~~~~~~~~~~~~~~~~~~~~~~~~~^^\n  File \"C:\\Users\\Chen Ettedgui\\PycharmProjects\\FattalAUTO\\Mobile_Fattal_Pages\\Mobile_Fattal_Main_Page.py\", line 125, in select_date_range_two_months_ahead\n    logging.info(f\"Looking for dates in: {calendar.month_name[target_month]} {target_year}\")\n                                          ^^^^^^^^\nNameError: name 'calendar' is not defined. Did you forget to import 'calendar'?\n", "test_type": "mobile"}],
"run_2025-08-30_19-49-31": [{"name": "test_mobile_booking_anonymous_join_fattal_and_friends", "description": "×‘×“×™×§×ª ×”×©×œ××ª ×”×–×× ×” ××©×ª××© ×× ×•× ×™××™ + ×”×¦×˜×¤×¨×•×ª ×œ××•×¢×“×•×Ÿ", "status": "FAILED", "timestamp": "2025-08-30 19:50:07", "duration": "33.47s", "browser": "Chrome", "os": "windows", "full_name": "", "email": "", "order_number": "", "id_number": "", "confirmation_screenshot": "", "error_screenshot": "", "room_selection": "", "payment_stage": "", "log": "C:\\Users\\Chen Ettedgui\\PycharmProjects\\FattalAUTO\\Fattal_Tests\\logs_mobile\\test_mobile_booking_anonymous_join_fattal_and_friends_2025-08-30_19-50-07.log", "error": "Traceback (most recent call last):\n  File \"C:\\Users\\Chen Ettedgui\\PycharmProjects\\FattalAUTO\\Fattal_Tests\\test_mobile_fattal.py\", line 1370, in test_mobile_booking_anonymous_join_fattal_and_friends\n    self.mobile_main_page.select_date_range_two_months_ahead()\n    ~~~~~~~~~~~~~~~~~~~~~~~~~~~~~~~~~~~~~~~~~~~~~~~~~~~~~~~~^^\n  File \"C:\\Users\\Chen Ettedgui\\PycharmProjects\\FattalAUTO\\Mobile_Fattal_Pages\\Mobile_Fattal_Main_Page.py\", line 125, in select_date_range_two_months_ahead\n    raise Exception(\"Not enough active date tiles in calendar\")\nException: Not enough active date tiles in calendar\n", "test_type": "mobile"}],
"run_2025-08-30_19-35-50": [{"name": "test_mobile_booking_anonymous_join_fattal_and_friends", "description": "×‘×“×™×§×ª ×”×©×œ××ª ×”×–×× ×” ××©×ª××© ×× ×•× ×™××™ + ×”×¦×˜×¤×¨×•×ª ×œ××•×¢×“×•×Ÿ", "status": "FAILED", "timestamp": "2025-08-30 19:36:51", "duration": "57.14s", "browser": "Chrome", "os": "windows", "full_name": "", "email": "", "order_number": "", "id_number": "", "confirmation_screenshot": "", "error_screenshot": "", "room_selection": "", "payment_stage": "", "log": "C:\\Users\\Chen Ettedgui\\PycharmProjects\\FattalAUTO\\Fattal_Tests\\logs_mobile\\test_mobile_booking_anonymous_join_fattal_and_friends_2025-08-30_19-36-51.log", "error": "Traceback (most recent call last):\n  File \"C:\\Users\\Chen Ettedgui\\PycharmProjects\\FattalAUTO\\Fattal_Tests\\test_mobile_fattal.py\", line 1381, in test_mobile_booking_anonymous_join_fattal_and_friends\n    self.mobile_search_page.click_show_prices_button()\n    ~~~~~~~~~~~~~~~~~~~~~~~~~~~~~~~~~~~~~~~~~~~~~~~~^^\n  File \"C:\\Users\\Chen Ettedgui\\PycharmProjects\\FattalAUTO\\Mobile_Fattal_Pages\\Mobile_Fattal_Search_Result_Page.py\", line 64, in click_show_prices_button\n    WebDriverWait(self.driver, 20).until(\n    ~~~~~~~~~~~~~~~~~~~~~~~~~~~~~~~~~~~~^\n        EC.presence_of_all_elements_located((\n        ^^^^^^^^^^^^^^^^^^^^^^^^^^^^^^^^^^^^^\n    ...<2 lines>...\n        ))\n        ^^\n    )\n    ^\n  File \"C:\\Users\\Chen Ettedgui\\PycharmProjects\\FattalAUTO\\.venv\\Lib\\site-packages\\selenium\\webdriver\\support\\wait.py\", line 146, in until\n    raise TimeoutException(message, screen, stacktrace)\nselenium.common.exceptions.TimeoutException: Message: \n\n", "test_type": "mobile"}],
"run_2025-08-27_16-42-46": [{"name": "test_mobile_booking_anonymous_fattal_employee_promo_code", "description": "×‘×“×™×§×ª ×”×©×œ××ª ×”×–×× ×” ××©×ª××© ×× ×•× ×™××™ ×•×©×™××•×© ×‘×¤×¨×•××• ×§×•×“ ×—×‘×¨ (EMP23FA)", "status": "FAILED", "timestamp": "2025-08-27 16:43:53", "duration": "62.91s", "browser": "Chrome", "os": "windows", "full_name": "", "email": "restestfattal@gmail.com", "order_number": "", "id_number": "029400124", "confirmation_screenshot": "", "error_screenshot": "", "room_selection": "C:\\Users\\Chen Ettedgui\\PycharmProjects\\FattalAUTO\\Fattal_Tests\\Screenshots\\room_selection_2025-08-27_16-43-32.png", "payment_stage": "C:\\Users\\Chen Ettedgui\\PycharmProjects\\FattalAUTO\\Fattal_Tests\\Screenshots\\payment_stage_2025-08-27_16-43-35.png", "log": "C:\\Users\\Chen Ettedgui\\PycharmProjects\\FattalAUTO\\Fattal_Tests\\logs_mobile\\test_mobile_booking_anonymous_fattal_employee_promo_code_2025-08-27_16-43-53.log", "error": "Traceback (most recent call last):\n  File \"C:\\Users\\Chen Ettedgui\\PycharmProjects\\FattalAUTO\\Fattal_Tests\\test_mobile_fattal.py\", line 947, in fill_payment_details_from_config\n    iframe = self.driver.find_element(By.ID, \"paymentIframe\")\n  File \"C:\\Users\\Chen Ettedgui\\PycharmProjects\\FattalAUTO\\.venv\\Lib\\site-packages\\selenium\\webdriver\\remote\\webdriver.py\", line 898, in find_element\n    return self.execute(Command.FIND_ELEMENT, {\"using\": by, \"value\": value})[\"value\"]\n           ~~~~~~~~~~~~^^^^^^^^^^^^^^^^^^^^^^^^^^^^^^^^^^^^^^^^^^^^^^^^^^^^^\n  File \"C:\\Users\\Chen Ettedgui\\PycharmProjects\\FattalAUTO\\.venv\\Lib\\site-packages\\selenium\\webdriver\\remote\\webdriver.py\", line 429, in execute\n    self.error_handler.check_response(response)\n    ~~~~~~~~~~~~~~~~~~~~~~~~~~~~~~~~~^^^^^^^^^^\n  File \"C:\\Users\\Chen Ettedgui\\PycharmProjects\\FattalAUTO\\.venv\\Lib\\site-packages\\selenium\\webdriver\\remote\\errorhandler.py\", line 232, in check_response\n    raise exception_class(message, screen, stacktrace)\nselenium.common.exceptions.InvalidSessionIdException: Message: invalid session id: session deleted as the browser has closed the connection\nfrom disconnected: not connected to DevTools\n  (Session info: chrome=139.0.7258.139)\nStacktrace:\n\tGetHandleVerifier [0x0x7ff703cc3d85+79397]\n\tGetHandleVerifier [0x0x7ff703cc3de0+79488]\n\t(No symbol) [0x0x7ff703a6c0fa]\n\t(No symbol) [0x0x7ff703a58355]\n\t(No symbol) [0x0x7ff703a7ceee]\n\t(No symbol) [0x0x7ff703af27c5]\n\t(No symbol) [0x0x7ff703b12c72]\n\t(No symbol) [0x0x7ff703aeaf73]\n\t(No symbol) [0x0x7ff703ab41b1]\n\t(No symbol) [0x0x7ff703ab4f43]\n\tGetHandleVerifier [0x0x7ff703f8e1ed+3005069]\n\tGetHandleVerifier [0x0x7ff703f8831d+2980797]\n\tGetHandleVerifier [0x0x7ff703fa7e0d+3110573]\n\tGetHandleVerifier [0x0x7ff703cdd6de+184190]\n\tGetHandleVerifier [0x0x7ff703ce516f+215567]\n\tGetHandleVerifier [0x0x7ff703ccc974+115220]\n\tGetHandleVerifier [0x0x7ff703cccb29+115657]\n\tGetHandleVerifier [0x0x7ff703cb3268+11016]\n\tBaseThreadInitThunk [0x0x7ffb53cbe8d7+23]\n\tRtlUserThreadStart [0x0x7ffb551fc34c+44]\n\n\nDuring handling of the above exception, another exception occurred:\n\nTraceback (most recent call last):\n  File \"C:\\Users\\Chen Ettedgui\\PycharmProjects\\FattalAUTO\\Fattal_Tests\\test_mobile_fattal.py\", line 2143, in test_mobile_booking_anonymous_fattal_employee_promo_code\n    self.fill_payment_details_from_config()\n    ~~~~~~~~~~~~~~~~~~~~~~~~~~~~~~~~~~~~~^^\n  File \"C:\\Users\\Chen Ettedgui\\PycharmProjects\\FattalAUTO\\Fattal_Tests\\test_mobile_fattal.py\", line 984, in fill_payment_details_from_config\n    self.driver.switch_to.default_content()\n    ~~~~~~~~~~~~~~~~~~~~~~~~~~~~~~~~~~~~~^^\n  File \"C:\\Users\\Chen Ettedgui\\PycharmProjects\\FattalAUTO\\.venv\\Lib\\site-packages\\selenium\\webdriver\\remote\\switch_to.py\", line 69, in default_content\n    self._driver.execute(Command.SWITCH_TO_FRAME, {\"id\": None})\n    ~~~~~~~~~~~~~~~~~~~~^^^^^^^^^^^^^^^^^^^^^^^^^^^^^^^^^^^^^^^\n  File \"C:\\Users\\Chen Ettedgui\\PycharmProjects\\FattalAUTO\\.venv\\Lib\\site-packages\\selenium\\webdriver\\remote\\webdriver.py\", line 429, in execute\n    self.error_handler.check_response(response)\n    ~~~~~~~~~~~~~~~~~~~~~~~~~~~~~~~~~^^^^^^^^^^\n  File \"C:\\Users\\Chen Ettedgui\\PycharmProjects\\FattalAUTO\\.venv\\Lib\\site-packages\\selenium\\webdriver\\remote\\errorhandler.py\", line 232, in check_response\n    raise exception_class(message, screen, stacktrace)\nselenium.common.exceptions.InvalidSessionIdException: Message: invalid session id\nStacktrace:\n\tGetHandleVerifier [0x0x7ff703cc3d85+79397]\n\tGetHandleVerifier [0x0x7ff703cc3de0+79488]\n\t(No symbol) [0x0x7ff703a6bf2c]\n\t(No symbol) [0x0x7ff703ab32df]\n\t(No symbol) [0x0x7ff703aeb062]\n\t(No symbol) [0x0x7ff703ae5b93]\n\t(No symbol) [0x0x7ff703ae4c59]\n\t(No symbol) [0x0x7ff703a36fd5]\n\tGetHandleVerifier [0x0x7ff703f8e1ed+3005069]\n\tGetHandleVerifier [0x0x7ff703f8831d+2980797]\n\tGetHandleVerifier [0x0x7ff703fa7e0d+3110573]\n\tGetHandleVerifier [0x0x7ff703cdd6de+184190]\n\tGetHandleVerifier [0x0x7ff703ce516f+215567]\n\t(No symbol) [0x0x7ff703a35fd1]\n\tGetHandleVerifier [0x0x7ff7040b1d48+4199912]\n\tBaseThreadInitThunk [0x0x7ffb53cbe8d7+23]\n\tRtlUserThreadStart [0x0x7ffb551fc34c+44]\n\n", "test_type": "mobile"}],
"run_2025-08-27_16-39-40": [{"name": "test_mobile_booking_anonymous_fattal_employee_promo_code", "description": "×‘×“×™×§×ª ×”×©×œ××ª ×”×–×× ×” ××©×ª××© ×× ×•× ×™××™ ×•×©×™××•×© ×‘×¤×¨×•××• ×§×•×“ ×—×‘×¨ (EMP23FA)", "status": "FAILED", "timestamp": "2025-08-27 16:40:19", "duration": "33.58s", "browser": "Chrome", "os": "windows", "full_name": "", "email": "", "order_number": "", "id_number": "", "confirmation_screenshot": "", "error_screenshot": "", "room_selection": "", "payment_stage": "", "log": "C:\\Users\\Chen Ettedgui\\PycharmProjects\\FattalAUTO\\Fattal_Tests\\logs_mobile\\test_mobile_booking_anonymous_fattal_employee_promo_code_2025-08-27_16-40-19.log", "error": "Traceback (most recent call last):\n  File \"C:\\Users\\Chen Ettedgui\\PycharmProjects\\FattalAUTO\\Fattal_Tests\\test_mobile_fattal.py\", line 2105, in test_mobile_booking_anonymous_fattal_employee_promo_code\n    self.mobile_main_page.click_mobile_date_picker()\n    ~~~~~~~~~~~~~~~~~~~~~~~~~~~~~~~~~~~~~~~~~~~~~~^^\n  File \"C:\\Users\\Chen Ettedgui\\PycharmProjects\\FattalAUTO\\Mobile_Fattal_Pages\\Mobile_Fattal_Main_Page.py\", line 100, in click_mobile_date_picker\n    date_picker = WebDriverWait(self.driver, 10).until(\n        EC.element_to_be_clickable((By.ID, \"search-engine-date-picker-month-button\"))\n    )\n  File \"C:\\Users\\Chen Ettedgui\\PycharmProjects\\FattalAUTO\\.venv\\Lib\\site-packages\\selenium\\webdriver\\support\\wait.py\", line 146, in until\n    raise TimeoutException(message, screen, stacktrace)\nselenium.common.exceptions.TimeoutException: Message: \nStacktrace:\n\tGetHandleVerifier [0x0x7ff703cc3d85+79397]\n\tGetHandleVerifier [0x0x7ff703cc3de0+79488]\n\t(No symbol) [0x0x7ff703a6c0fa]\n\t(No symbol) [0x0x7ff703ac2fd6]\n\t(No symbol) [0x0x7ff703ac328c]\n\t(No symbol) [0x0x7ff703b16537]\n\t(No symbol) [0x0x7ff703aeb1df]\n\t(No symbol) [0x0x7ff703b13344]\n\t(No symbol) [0x0x7ff703aeaf73]\n\t(No symbol) [0x0x7ff703ab41b1]\n\t(No symbol) [0x0x7ff703ab4f43]\n\tGetHandleVerifier [0x0x7ff703f8e1ed+3005069]\n\tGetHandleVerifier [0x0x7ff703f8831d+2980797]\n\tGetHandleVerifier [0x0x7ff703fa7e0d+3110573]\n\tGetHandleVerifier [0x0x7ff703cdd6de+184190]\n\tGetHandleVerifier [0x0x7ff703ce516f+215567]\n\tGetHandleVerifier [0x0x7ff703ccc974+115220]\n\tGetHandleVerifier [0x0x7ff703cccb29+115657]\n\tGetHandleVerifier [0x0x7ff703cb3268+11016]\n\tBaseThreadInitThunk [0x0x7ffb53cbe8d7+23]\n\tRtlUserThreadStart [0x0x7ffb551fc34c+44]\n\n", "test_type": "mobile"}],
"run_2025-08-26_11-11-46": [{"name": "test_mobile_booking_with_club_login", "description": "×‘×“×™×§×ª ×”×©×œ××ª ×”×–×× ×” ××©×ª××© ××•×¢×“×•×Ÿ", "status": "FAILED", "timestamp": "2025-08-26 11:12:47", "duration": "58.52s", "browser": "Chrome", "os": "windows", "full_name": "Club User", "email": "restestfattal@gmail.com", "order_number": "", "id_number": "999318330", "confirmation_screenshot": "", "error_screenshot": "", "room_selection": "", "payment_stage": "", "log": "C:\\Users\\Chen Ettedgui\\PycharmProjects\\FattalAUTO\\Fattal_Tests\\logs_mobile\\test_mobile_booking_with_club_login_2025-08-26_11-12-47.log", "error": "Traceback (most recent call last):\n  File \"C:\\Users\\Chen Ettedgui\\PycharmProjects\\FattalAUTO\\Fattal_Tests\\test_mobile_fattal.py\", line 1251, in test_mobile_booking_with_club_login\n    self.mobile_main_page.click_mobile_date_picker()\n    ~~~~~~~~~~~~~~~~~~~~~~~~~~~~~~~~~~~~~~~~~~~~~~^^\n  File \"C:\\Users\\Chen Ettedgui\\PycharmProjects\\FattalAUTO\\Mobile_Fattal_Pages\\Mobile_Fattal_Main_Page.py\", line 104, in click_mobile_date_picker\n    date_picker.click()\n    ~~~~~~~~~~~~~~~~~^^\n  File \"C:\\Users\\Chen Ettedgui\\PycharmProjects\\FattalAUTO\\.venv\\Lib\\site-packages\\selenium\\webdriver\\remote\\webelement.py\", line 119, in click\n    self._execute(Command.CLICK_ELEMENT)\n    ~~~~~~~~~~~~~^^^^^^^^^^^^^^^^^^^^^^^\n  File \"C:\\Users\\Chen Ettedgui\\PycharmProjects\\FattalAUTO\\.venv\\Lib\\site-packages\\selenium\\webdriver\\remote\\webelement.py\", line 572, in _execute\n    return self._parent.execute(command, params)\n           ~~~~~~~~~~~~~~~~~~~~^^^^^^^^^^^^^^^^^\n  File \"C:\\Users\\Chen Ettedgui\\PycharmProjects\\FattalAUTO\\.venv\\Lib\\site-packages\\selenium\\webdriver\\remote\\webdriver.py\", line 429, in execute\n    self.error_handler.check_response(response)\n    ~~~~~~~~~~~~~~~~~~~~~~~~~~~~~~~~~^^^^^^^^^^\n  File \"C:\\Users\\Chen Ettedgui\\PycharmProjects\\FattalAUTO\\.venv\\Lib\\site-packages\\selenium\\webdriver\\remote\\errorhandler.py\", line 232, in check_response\n    raise exception_class(message, screen, stacktrace)\nselenium.common.exceptions.ElementClickInterceptedException: Message: element click intercepted: Element <div id=\"search-engine-date-picker-month-button\" class=\"sc-1dd632c9-1 knEGAN\">...</div> is not clickable at point (205, 232). Other element would receive the click: <input aria-invalid=\"true\" id=\"idNumber\" class=\"MuiInputBase-input MuiFilledInput-input mui-style-rtl-2bxn45\" type=\"tel\" value=\"×©×“×” ×–×” ×œ× ×™×›×•×œ ×œ×”×™×©××¨ ×¨×™×§\">\n  (Session info: chrome=139.0.7258.139)\nStacktrace:\n\tGetHandleVerifier [0x0x7ff661d378d5+2802741]\n\tGetHandleVerifier [0x0x7ff661a9eb70+79568]\n\t(No symbol) [0x0x7ff66183c0fa]\n\t(No symbol) [0x0x7ff66189aaa9]\n\t(No symbol) [0x0x7ff661898442]\n\t(No symbol) [0x0x7ff661895481]\n\t(No symbol) [0x0x7ff661894371]\n\t(No symbol) [0x0x7ff661885bb8]\n\t(No symbol) [0x0x7ff6618bac8a]\n\t(No symbol) [0x0x7ff661885466]\n\t(No symbol) [0x0x7ff6618baea0]\n\t(No symbol) [0x0x7ff6618e2e24]\n\t(No symbol) [0x0x7ff6618baa63]\n\t(No symbol) [0x0x7ff661883c91]\n\t(No symbol) [0x0x7ff661884a23]\n\tGetHandleVerifier [0x0x7ff661d62ced+2979917]\n\tGetHandleVerifier [0x0x7ff661d5d0f3+2956371]\n\tGetHandleVerifier [0x0x7ff661d7acbd+3078173]\n\tGetHandleVerifier [0x0x7ff661ab836e+184014]\n\tGetHandleVerifier [0x0x7ff661ac024f+216495]\n\tGetHandleVerifier [0x0x7ff661aa70c4+113700]\n\tGetHandleVerifier [0x0x7ff661aa7279+114137]\n\tGetHandleVerifier [0x0x7ff661a8df78+10968]\n\tBaseThreadInitThunk [0x0x7ffb53cbe8d7+23]\n\tRtlUserThreadStart [0x0x7ffb551fc34c+44]\n\n", "test_type": "mobile"}],
"run_2025-08-26_11-04-04": [{"name": "test_mobile_booking_with_club_login", "description": "×‘×“×™×§×ª ×”×©×œ××ª ×”×–×× ×” ××©×ª××© ××•×¢×“×•×Ÿ", "status": "PASSED", "timestamp": "2025-08-26 11:05:43", "duration": "89.29s", "browser": "Chrome", "os": "windows", "full_name": "Club User", "email": "restestfattal@gmail.com", "order_number": "980025857", "id_number": "999318330", "confirmation_screenshot": "C:\\Users\\Chen Ettedgui\\PycharmProjects\\FattalAUTO\\Fattal_Tests\\Screenshots\\confirmation_success_2025-08-26_11-05-42.png", "error_screenshot": "", "room_selection": "C:\\Users\\Chen Ettedgui\\PycharmProjects\\FattalAUTO\\Fattal_Tests\\Screenshots\\room_selection_2025-08-26_11-05-11.png", "payment_stage": "C:\\Users\\Chen Ettedgui\\PycharmProjects\\FattalAUTO\\Fattal_Tests\\Screenshots\\payment_stage_2025-08-26_11-05-15.png", "log": "C:\\Users\\Chen Ettedgui\\PycharmProjects\\FattalAUTO\\Fattal_Tests\\logs_mobile\\test_mobile_booking_with_club_login_2025-08-26_11-05-43.log", "error": "", "test_type": "mobile"}]
};

        function populateRun(runId) {
            const container = document.getElementById("results");
            container.innerHTML = "";
            const showPassed = document.getElementById("filterPassed").checked;
            const showFailed = document.getElementById("filterFailed").checked;
            const data = runData[runId] || [];
            data.forEach(test => {
                if ((test.status === "PASSED" && !showPassed) || (test.status === "FAILED" && !showFailed)) return;

                const div = document.createElement("div");
                div.classList.add("test-entry");

                // Robust log path logic for working links:
                const logPath = test.log || "";
                let logHref = "#";
                if (logPath) {
                  let parts = logPath.replace(/\\/g, '/').split('/');
                  if (parts.length >= 2) {
                    logHref = "../" + parts.slice(-2).join('/');
                  } else {
                    logHref = logPath;
                  }
                }

                const screenshots = ["room_selection", "payment_stage", test.status === "FAILED" ? "error_screenshot" : "confirmation_screenshot"]
                  .map(label => {
                      const path = test[label] || "";
                      if (!path) return "";
                      const short = path.split(/[/\\]/).pop();
                      return `<div><strong>${label}:</strong><br><img src="../Screenshots/${short}" style="max-height:120px;cursor:pointer;" onclick="openModal(this.src)" /></div>`;
                  }).join("");

                div.innerHTML = `
                  <h3>${test.name} â€” <span style="color:${test.status === 'PASSED' ? 'green' : 'red'}">${test.status}</span></h3>
                  <p><strong>Description:</strong> ${test.description || "â€”"}</p>
                  <p><strong>Timestamp:</strong> ${test.timestamp} | <strong>Duration:</strong> ${test.duration}</p>
                  <p><strong>Guest:</strong> ${test.full_name} | <strong>Email:</strong> ${test.email}</p>
                  <p><strong>Order #:</strong> ${test.order_number} | <strong>ID:</strong> ${test.id_number}</p>
                  <p><strong>Log:</strong> <a href="${logHref}" target="_blank">${logPath.split(/[\\/]/).pop()}</a></p>
                  ${test.error ? `<p style='color:red'><strong>Error:</strong> ${test.error}</p>` : ""}
                  <div class="screenshot-grid">${screenshots}</div>
                  <hr>`;
                container.appendChild(div);
            });
        }

        function openModal(src) {
            const modal = document.getElementById("screenshotModal");
            const modalImg = document.getElementById("modalImage");
            modal.style.display = "block";
            modalImg.src = src;
        }

        function closeModal() {
            document.getElementById("screenshotModal").style.display = "none";
        }
        </script>
        
    </head>
    <body onload="populateRun(document.getElementById('runSelect').value)">
      <div class="dashboard-header">
        <h1>Fattal QA Automation Dashboard</h1>
        <img src="https://d2nyvxq412w7ra.cloudfront.net/_fcb5f25e78.png" alt="Fattal Logo" class="header-logo" />
      </div>
      <label>Choose Run:
        <select id="runSelect" onchange="populateRun(this.value)">
          <option value="run_2025-08-30_20-53-22" selected>Saturday 2025-08-30 20:53:22 | 1 tests | âœ… 0 | âŒ 1 | ğŸ“± 1</option>
<option value="run_2025-08-30_20-35-42" >Saturday 2025-08-30 20:35:42 | 1 tests | âœ… 0 | âŒ 1 | ğŸ“± 1</option>
<option value="run_2025-08-30_20-33-39" >Saturday 2025-08-30 20:33:39 | 1 tests | âœ… 0 | âŒ 1 | ğŸ“± 1</option>
<option value="run_2025-08-30_20-31-59" >Saturday 2025-08-30 20:31:59 | 1 tests | âœ… 0 | âŒ 1 | ğŸ“± 1</option>
<option value="run_2025-08-30_20-28-54" >Saturday 2025-08-30 20:28:54 | 1 tests | âœ… 1 | âŒ 0 | ğŸ“± 1</option>
<option value="run_2025-08-30_20-23-50" >Saturday 2025-08-30 20:23:50 | 1 tests | âœ… 1 | âŒ 0 | ğŸ“± 1</option>
<option value="run_2025-08-30_20-22-28" >Saturday 2025-08-30 20:22:28 | 1 tests | âœ… 0 | âŒ 1 | ğŸ“± 1</option>
<option value="run_2025-08-30_20-21-30" >Saturday 2025-08-30 20:21:30 | 1 tests | âœ… 0 | âŒ 1 | ğŸ“± 1</option>
<option value="run_2025-08-30_20-17-17" >Saturday 2025-08-30 20:17:17 | 1 tests | âœ… 1 | âŒ 0 | ğŸ“± 1</option>
<option value="run_2025-08-30_20-15-10" >Saturday 2025-08-30 20:15:10 | 1 tests | âœ… 0 | âŒ 1 | ğŸ“± 1</option>
<option value="run_2025-08-30_20-10-07" >Saturday 2025-08-30 20:10:07 | 1 tests | âœ… 1 | âŒ 0 | ğŸ“± 1</option>
<option value="run_2025-08-30_20-07-08" >Saturday 2025-08-30 20:07:08 | 1 tests | âœ… 0 | âŒ 1 | ğŸ“± 1</option>
<option value="run_2025-08-30_20-04-58" >Saturday 2025-08-30 20:04:58 | 1 tests | âœ… 0 | âŒ 1 | ğŸ“± 1</option>
<option value="run_2025-08-30_19-59-26" >Saturday 2025-08-30 19:59:26 | 1 tests | âœ… 0 | âŒ 1 | ğŸ“± 1</option>
<option value="run_2025-08-30_19-55-33" >Saturday 2025-08-30 19:55:33 | 1 tests | âœ… 0 | âŒ 1 | ğŸ“± 1</option>
<option value="run_2025-08-30_19-52-35" >Saturday 2025-08-30 19:52:35 | 1 tests | âœ… 0 | âŒ 1 | ğŸ“± 1</option>
<option value="run_2025-08-30_19-51-39" >Saturday 2025-08-30 19:51:39 | 1 tests | âœ… 0 | âŒ 1 | ğŸ“± 1</option>
<option value="run_2025-08-30_19-49-31" >Saturday 2025-08-30 19:49:31 | 1 tests | âœ… 0 | âŒ 1 | ğŸ“± 1</option>
<option value="run_2025-08-30_19-35-50" >Saturday 2025-08-30 19:35:50 | 1 tests | âœ… 0 | âŒ 1 | ğŸ“± 1</option>
<option value="run_2025-08-27_16-42-46" >Wednesday 2025-08-27 16:42:46 | 1 tests | âœ… 0 | âŒ 1 | ğŸ“± 1</option>
<option value="run_2025-08-27_16-39-40" >Wednesday 2025-08-27 16:39:40 | 1 tests | âœ… 0 | âŒ 1 | ğŸ“± 1</option>
<option value="run_2025-08-26_11-11-46" >Tuesday 2025-08-26 11:11:46 | 1 tests | âœ… 0 | âŒ 1 | ğŸ“± 1</option>
<option value="run_2025-08-26_11-04-04" >Tuesday 2025-08-26 11:04:04 | 1 tests | âœ… 1 | âŒ 0 | ğŸ“± 1</option>
        </select>
      </label>
      <div style="margin-top: 10px;">
        <label><input type="checkbox" id="filterPassed" checked onchange="populateRun(document.getElementById('runSelect').value)"> Show Passed</label>
        <label><input type="checkbox" id="filterFailed" checked onchange="populateRun(document.getElementById('runSelect').value)"> Show Failed</label>
      </div>
      <div id="results" style="margin-top: 20px;"></div>
      <div id="screenshotModal" class="modal" onclick="closeModal()">
        <span class="close">&times;</span>
        <img class="modal-content" id="modalImage">
      </div>
    </body>
    </html>